[ 2016-09-20T15:42:37+08:00 ] 127.0.0.1 /index.php
INFO: [ app_init ] --START--
INFO: Run Behavior\BuildLiteBehavior [ RunTime:0.000031s ]
INFO: [ app_init ] --END-- [ RunTime:0.000901s ]
INFO: [ app_begin ] --START--
INFO: Run Behavior\ReadHtmlCacheBehavior [ RunTime:0.000736s ]
INFO: [ app_begin ] --END-- [ RunTime:0.000877s ]
INFO: [ view_parse ] --START--
INFO: [ template_filter ] --START--
INFO: Run Behavior\ContentReplaceBehavior [ RunTime:0.000070s ]
INFO: [ template_filter ] --END-- [ RunTime:0.000254s ]
INFO: Run Behavior\ParseTemplateBehavior [ RunTime:0.008292s ]
INFO: [ view_parse ] --END-- [ RunTime:0.008478s ]
INFO: [ view_filter ] --START--
INFO: Run Behavior\WriteHtmlCacheBehavior [ RunTime:0.000941s ]
INFO: [ view_filter ] --END-- [ RunTime:0.001142s ]
INFO: [ app_end ] --START--
INFO: Run Behavior\ShowPageTraceBehavior [ RunTime:0.000834s ]
INFO: [ app_end ] --END-- [ RunTime:0.001021s ]

[ 2016-09-20T17:24:00+08:00 ] 127.0.0.1 /index.php/Api
INFO: [ app_init ] --START--
INFO: Run Behavior\BuildLiteBehavior [ RunTime:0.000030s ]
INFO: [ app_init ] --END-- [ RunTime:0.000597s ]
INFO: [ app_begin ] --START--
INFO: Run Behavior\ReadHtmlCacheBehavior [ RunTime:0.000809s ]
INFO: [ app_begin ] --END-- [ RunTime:0.000935s ]
NOTIC: [8] Undefined index: msg E:\xiao\test\thinkphp_3.2.3_core\Application\Api\Controller\ApiController.class.php 第 17 行.
NOTIC: [8] Undefined index: data E:\xiao\test\thinkphp_3.2.3_core\Application\Api\Controller\ApiController.class.php 第 21 行.

[ 2016-09-20T17:24:01+08:00 ] 127.0.0.1 /index.php/Api
INFO: [ app_init ] --START--
INFO: Run Behavior\BuildLiteBehavior [ RunTime:0.000046s ]
INFO: [ app_init ] --END-- [ RunTime:0.000986s ]
INFO: [ app_begin ] --START--
INFO: Run Behavior\ReadHtmlCacheBehavior [ RunTime:0.000892s ]
INFO: [ app_begin ] --END-- [ RunTime:0.001035s ]
NOTIC: [8] Undefined index: msg E:\xiao\test\thinkphp_3.2.3_core\Application\Api\Controller\ApiController.class.php 第 17 行.
NOTIC: [8] Undefined index: data E:\xiao\test\thinkphp_3.2.3_core\Application\Api\Controller\ApiController.class.php 第 21 行.

[ 2016-09-20T17:24:34+08:00 ] 127.0.0.1 /index.php/Api
INFO: [ app_init ] --START--
INFO: Run Behavior\BuildLiteBehavior [ RunTime:0.000029s ]
INFO: [ app_init ] --END-- [ RunTime:0.000655s ]
INFO: [ app_begin ] --START--
INFO: Run Behavior\ReadHtmlCacheBehavior [ RunTime:0.001268s ]
INFO: [ app_begin ] --END-- [ RunTime:0.001412s ]
NOTIC: [8] Undefined index: msg E:\xiao\test\thinkphp_3.2.3_core\Application\Api\Controller\ApiController.class.php 第 17 行.
NOTIC: [8] Undefined index: data E:\xiao\test\thinkphp_3.2.3_core\Application\Api\Controller\ApiController.class.php 第 21 行.

[ 2016-09-20T17:24:35+08:00 ] 127.0.0.1 /index.php/Api
INFO: [ app_init ] --START--
INFO: Run Behavior\BuildLiteBehavior [ RunTime:0.000082s ]
INFO: [ app_init ] --END-- [ RunTime:0.000650s ]
INFO: [ app_begin ] --START--
INFO: Run Behavior\ReadHtmlCacheBehavior [ RunTime:0.000818s ]
INFO: [ app_begin ] --END-- [ RunTime:0.000943s ]
NOTIC: [8] Undefined index: msg E:\xiao\test\thinkphp_3.2.3_core\Application\Api\Controller\ApiController.class.php 第 17 行.
NOTIC: [8] Undefined index: data E:\xiao\test\thinkphp_3.2.3_core\Application\Api\Controller\ApiController.class.php 第 21 行.

[ 2016-09-20T17:24:35+08:00 ] 127.0.0.1 /index.php/Api
INFO: [ app_init ] --START--
INFO: Run Behavior\BuildLiteBehavior [ RunTime:0.000028s ]
INFO: [ app_init ] --END-- [ RunTime:0.000598s ]
INFO: [ app_begin ] --START--
INFO: Run Behavior\ReadHtmlCacheBehavior [ RunTime:0.000986s ]
INFO: [ app_begin ] --END-- [ RunTime:0.001115s ]
NOTIC: [8] Undefined index: msg E:\xiao\test\thinkphp_3.2.3_core\Application\Api\Controller\ApiController.class.php 第 17 行.
NOTIC: [8] Undefined index: data E:\xiao\test\thinkphp_3.2.3_core\Application\Api\Controller\ApiController.class.php 第 21 行.

[ 2016-09-20T17:24:35+08:00 ] 127.0.0.1 /index.php/Api
INFO: [ app_init ] --START--
INFO: Run Behavior\BuildLiteBehavior [ RunTime:0.000027s ]
INFO: [ app_init ] --END-- [ RunTime:0.000611s ]
INFO: [ app_begin ] --START--
INFO: Run Behavior\ReadHtmlCacheBehavior [ RunTime:0.000823s ]
INFO: [ app_begin ] --END-- [ RunTime:0.000949s ]
NOTIC: [8] Undefined index: msg E:\xiao\test\thinkphp_3.2.3_core\Application\Api\Controller\ApiController.class.php 第 17 行.
NOTIC: [8] Undefined index: data E:\xiao\test\thinkphp_3.2.3_core\Application\Api\Controller\ApiController.class.php 第 21 行.

[ 2016-09-20T17:24:35+08:00 ] 127.0.0.1 /index.php/Api
INFO: [ app_init ] --START--
INFO: Run Behavior\BuildLiteBehavior [ RunTime:0.000028s ]
INFO: [ app_init ] --END-- [ RunTime:0.000588s ]
INFO: [ app_begin ] --START--
INFO: Run Behavior\ReadHtmlCacheBehavior [ RunTime:0.000822s ]
INFO: [ app_begin ] --END-- [ RunTime:0.000948s ]
NOTIC: [8] Undefined index: msg E:\xiao\test\thinkphp_3.2.3_core\Application\Api\Controller\ApiController.class.php 第 17 行.
NOTIC: [8] Undefined index: data E:\xiao\test\thinkphp_3.2.3_core\Application\Api\Controller\ApiController.class.php 第 21 行.

[ 2016-09-20T17:24:36+08:00 ] 127.0.0.1 /index.php/Api
INFO: [ app_init ] --START--
INFO: Run Behavior\BuildLiteBehavior [ RunTime:0.000052s ]
INFO: [ app_init ] --END-- [ RunTime:0.000972s ]
INFO: [ app_begin ] --START--
INFO: Run Behavior\ReadHtmlCacheBehavior [ RunTime:0.000857s ]
INFO: [ app_begin ] --END-- [ RunTime:0.000997s ]
NOTIC: [8] Undefined index: msg E:\xiao\test\thinkphp_3.2.3_core\Application\Api\Controller\ApiController.class.php 第 17 行.
NOTIC: [8] Undefined index: data E:\xiao\test\thinkphp_3.2.3_core\Application\Api\Controller\ApiController.class.php 第 21 行.

[ 2016-09-20T17:24:36+08:00 ] 127.0.0.1 /index.php/Api
INFO: [ app_init ] --START--
INFO: Run Behavior\BuildLiteBehavior [ RunTime:0.000028s ]
INFO: [ app_init ] --END-- [ RunTime:0.000569s ]
INFO: [ app_begin ] --START--
INFO: Run Behavior\ReadHtmlCacheBehavior [ RunTime:0.001194s ]
INFO: [ app_begin ] --END-- [ RunTime:0.001398s ]
NOTIC: [8] Undefined index: msg E:\xiao\test\thinkphp_3.2.3_core\Application\Api\Controller\ApiController.class.php 第 17 行.
NOTIC: [8] Undefined index: data E:\xiao\test\thinkphp_3.2.3_core\Application\Api\Controller\ApiController.class.php 第 21 行.

[ 2016-09-20T17:24:36+08:00 ] 127.0.0.1 /index.php/Api
INFO: [ app_init ] --START--
INFO: Run Behavior\BuildLiteBehavior [ RunTime:0.000031s ]
INFO: [ app_init ] --END-- [ RunTime:0.000610s ]
INFO: [ app_begin ] --START--
INFO: Run Behavior\ReadHtmlCacheBehavior [ RunTime:0.000869s ]
INFO: [ app_begin ] --END-- [ RunTime:0.001005s ]
NOTIC: [8] Undefined index: msg E:\xiao\test\thinkphp_3.2.3_core\Application\Api\Controller\ApiController.class.php 第 17 行.
NOTIC: [8] Undefined index: data E:\xiao\test\thinkphp_3.2.3_core\Application\Api\Controller\ApiController.class.php 第 21 行.

[ 2016-09-20T17:24:36+08:00 ] 127.0.0.1 /index.php/Api
INFO: [ app_init ] --START--
INFO: Run Behavior\BuildLiteBehavior [ RunTime:0.000028s ]
INFO: [ app_init ] --END-- [ RunTime:0.000599s ]
INFO: [ app_begin ] --START--
INFO: Run Behavior\ReadHtmlCacheBehavior [ RunTime:0.000859s ]
INFO: [ app_begin ] --END-- [ RunTime:0.000994s ]
NOTIC: [8] Undefined index: msg E:\xiao\test\thinkphp_3.2.3_core\Application\Api\Controller\ApiController.class.php 第 17 行.
NOTIC: [8] Undefined index: data E:\xiao\test\thinkphp_3.2.3_core\Application\Api\Controller\ApiController.class.php 第 21 行.

[ 2016-09-20T17:24:37+08:00 ] 127.0.0.1 /index.php/Api
INFO: [ app_init ] --START--
INFO: Run Behavior\BuildLiteBehavior [ RunTime:0.000052s ]
INFO: [ app_init ] --END-- [ RunTime:0.000769s ]
INFO: [ app_begin ] --START--
INFO: Run Behavior\ReadHtmlCacheBehavior [ RunTime:0.000929s ]
INFO: [ app_begin ] --END-- [ RunTime:0.001071s ]
NOTIC: [8] Undefined index: msg E:\xiao\test\thinkphp_3.2.3_core\Application\Api\Controller\ApiController.class.php 第 17 行.
NOTIC: [8] Undefined index: data E:\xiao\test\thinkphp_3.2.3_core\Application\Api\Controller\ApiController.class.php 第 21 行.

[ 2016-09-20T17:25:07+08:00 ] 127.0.0.1 /index.php/Api
INFO: [ app_init ] --START--
INFO: Run Behavior\BuildLiteBehavior [ RunTime:0.000030s ]
INFO: [ app_init ] --END-- [ RunTime:0.000688s ]
INFO: [ app_begin ] --START--
INFO: Run Behavior\ReadHtmlCacheBehavior [ RunTime:0.000887s ]
INFO: [ app_begin ] --END-- [ RunTime:0.001015s ]
NOTIC: [8] Undefined index: msg E:\xiao\test\thinkphp_3.2.3_core\Application\Api\Controller\ApiController.class.php 第 21 行.
NOTIC: [8] Undefined index: data E:\xiao\test\thinkphp_3.2.3_core\Application\Api\Controller\ApiController.class.php 第 25 行.

[ 2016-09-20T17:25:07+08:00 ] 127.0.0.1 /index.php/Api
INFO: [ app_init ] --START--
INFO: Run Behavior\BuildLiteBehavior [ RunTime:0.000052s ]
INFO: [ app_init ] --END-- [ RunTime:0.000810s ]
INFO: [ app_begin ] --START--
INFO: Run Behavior\ReadHtmlCacheBehavior [ RunTime:0.000908s ]
INFO: [ app_begin ] --END-- [ RunTime:0.001045s ]
NOTIC: [8] Undefined index: msg E:\xiao\test\thinkphp_3.2.3_core\Application\Api\Controller\ApiController.class.php 第 21 行.
NOTIC: [8] Undefined index: data E:\xiao\test\thinkphp_3.2.3_core\Application\Api\Controller\ApiController.class.php 第 25 行.

[ 2016-09-20T17:25:07+08:00 ] 127.0.0.1 /index.php/Api
INFO: [ app_init ] --START--
INFO: Run Behavior\BuildLiteBehavior [ RunTime:0.000039s ]
INFO: [ app_init ] --END-- [ RunTime:0.000887s ]
INFO: [ app_begin ] --START--
INFO: Run Behavior\ReadHtmlCacheBehavior [ RunTime:0.000881s ]
INFO: [ app_begin ] --END-- [ RunTime:0.001027s ]
NOTIC: [8] Undefined index: msg E:\xiao\test\thinkphp_3.2.3_core\Application\Api\Controller\ApiController.class.php 第 21 行.
NOTIC: [8] Undefined index: data E:\xiao\test\thinkphp_3.2.3_core\Application\Api\Controller\ApiController.class.php 第 25 行.

[ 2016-09-20T17:25:07+08:00 ] 127.0.0.1 /index.php/Api
INFO: [ app_init ] --START--
INFO: Run Behavior\BuildLiteBehavior [ RunTime:0.000034s ]
INFO: [ app_init ] --END-- [ RunTime:0.000663s ]
INFO: [ app_begin ] --START--
INFO: Run Behavior\ReadHtmlCacheBehavior [ RunTime:0.001092s ]
INFO: [ app_begin ] --END-- [ RunTime:0.001281s ]
NOTIC: [8] Undefined index: msg E:\xiao\test\thinkphp_3.2.3_core\Application\Api\Controller\ApiController.class.php 第 21 行.
NOTIC: [8] Undefined index: data E:\xiao\test\thinkphp_3.2.3_core\Application\Api\Controller\ApiController.class.php 第 25 行.

[ 2016-09-20T17:25:19+08:00 ] 127.0.0.1 /index.php/Api
INFO: [ app_init ] --START--
INFO: Run Behavior\BuildLiteBehavior [ RunTime:0.000029s ]
INFO: [ app_init ] --END-- [ RunTime:0.000608s ]
INFO: [ app_begin ] --START--
INFO: Run Behavior\ReadHtmlCacheBehavior [ RunTime:0.000859s ]
INFO: [ app_begin ] --END-- [ RunTime:0.000985s ]
NOTIC: [8] Undefined index: msg E:\xiao\test\thinkphp_3.2.3_core\Application\Api\Controller\ApiController.class.php 第 21 行.
NOTIC: [8] Undefined index: data E:\xiao\test\thinkphp_3.2.3_core\Application\Api\Controller\ApiController.class.php 第 25 行.

[ 2016-09-20T17:25:19+08:00 ] 127.0.0.1 /index.php/Api
INFO: [ app_init ] --START--
INFO: Run Behavior\BuildLiteBehavior [ RunTime:0.000028s ]
INFO: [ app_init ] --END-- [ RunTime:0.000626s ]
INFO: [ app_begin ] --START--
INFO: Run Behavior\ReadHtmlCacheBehavior [ RunTime:0.000882s ]
INFO: [ app_begin ] --END-- [ RunTime:0.001021s ]
NOTIC: [8] Undefined index: msg E:\xiao\test\thinkphp_3.2.3_core\Application\Api\Controller\ApiController.class.php 第 21 行.
NOTIC: [8] Undefined index: data E:\xiao\test\thinkphp_3.2.3_core\Application\Api\Controller\ApiController.class.php 第 25 行.

[ 2016-09-20T17:25:20+08:00 ] 127.0.0.1 /index.php/Api
INFO: [ app_init ] --START--
INFO: Run Behavior\BuildLiteBehavior [ RunTime:0.000031s ]
INFO: [ app_init ] --END-- [ RunTime:0.000705s ]
INFO: [ app_begin ] --START--
INFO: Run Behavior\ReadHtmlCacheBehavior [ RunTime:0.000961s ]
INFO: [ app_begin ] --END-- [ RunTime:0.001102s ]
NOTIC: [8] Undefined index: msg E:\xiao\test\thinkphp_3.2.3_core\Application\Api\Controller\ApiController.class.php 第 21 行.
NOTIC: [8] Undefined index: data E:\xiao\test\thinkphp_3.2.3_core\Application\Api\Controller\ApiController.class.php 第 25 行.

[ 2016-09-20T17:25:52+08:00 ] 127.0.0.1 /index.php/Api
INFO: [ app_init ] --START--
INFO: Run Behavior\BuildLiteBehavior [ RunTime:0.000041s ]
INFO: [ app_init ] --END-- [ RunTime:0.000848s ]
INFO: [ app_begin ] --START--
INFO: Run Behavior\ReadHtmlCacheBehavior [ RunTime:0.000919s ]
INFO: [ app_begin ] --END-- [ RunTime:0.001059s ]
NOTIC: [8] Undefined index: msg E:\xiao\test\thinkphp_3.2.3_core\Application\Api\Controller\ApiController.class.php 第 21 行.
NOTIC: [8] Undefined index: data E:\xiao\test\thinkphp_3.2.3_core\Application\Api\Controller\ApiController.class.php 第 25 行.

[ 2016-09-20T17:25:53+08:00 ] 127.0.0.1 /index.php/Api
INFO: [ app_init ] --START--
INFO: Run Behavior\BuildLiteBehavior [ RunTime:0.000031s ]
INFO: [ app_init ] --END-- [ RunTime:0.000694s ]
INFO: [ app_begin ] --START--
INFO: Run Behavior\ReadHtmlCacheBehavior [ RunTime:0.000844s ]
INFO: [ app_begin ] --END-- [ RunTime:0.000978s ]
NOTIC: [8] Undefined index: msg E:\xiao\test\thinkphp_3.2.3_core\Application\Api\Controller\ApiController.class.php 第 21 行.
NOTIC: [8] Undefined index: data E:\xiao\test\thinkphp_3.2.3_core\Application\Api\Controller\ApiController.class.php 第 25 行.

[ 2016-09-20T17:25:53+08:00 ] 127.0.0.1 /index.php/Api
INFO: [ app_init ] --START--
INFO: Run Behavior\BuildLiteBehavior [ RunTime:0.000030s ]
INFO: [ app_init ] --END-- [ RunTime:0.000713s ]
INFO: [ app_begin ] --START--
INFO: Run Behavior\ReadHtmlCacheBehavior [ RunTime:0.000854s ]
INFO: [ app_begin ] --END-- [ RunTime:0.000989s ]
NOTIC: [8] Undefined index: msg E:\xiao\test\thinkphp_3.2.3_core\Application\Api\Controller\ApiController.class.php 第 21 行.
NOTIC: [8] Undefined index: data E:\xiao\test\thinkphp_3.2.3_core\Application\Api\Controller\ApiController.class.php 第 25 行.

[ 2016-09-20T17:25:53+08:00 ] 127.0.0.1 /index.php/Api
INFO: [ app_init ] --START--
INFO: Run Behavior\BuildLiteBehavior [ RunTime:0.000029s ]
INFO: [ app_init ] --END-- [ RunTime:0.000644s ]
INFO: [ app_begin ] --START--
INFO: Run Behavior\ReadHtmlCacheBehavior [ RunTime:0.000875s ]
INFO: [ app_begin ] --END-- [ RunTime:0.001004s ]
NOTIC: [8] Undefined index: msg E:\xiao\test\thinkphp_3.2.3_core\Application\Api\Controller\ApiController.class.php 第 21 行.
NOTIC: [8] Undefined index: data E:\xiao\test\thinkphp_3.2.3_core\Application\Api\Controller\ApiController.class.php 第 25 行.

[ 2016-09-20T17:25:54+08:00 ] 127.0.0.1 /index.php/Api
INFO: [ app_init ] --START--
INFO: Run Behavior\BuildLiteBehavior [ RunTime:0.000031s ]
INFO: [ app_init ] --END-- [ RunTime:0.000628s ]
INFO: [ app_begin ] --START--
INFO: Run Behavior\ReadHtmlCacheBehavior [ RunTime:0.001091s ]
INFO: [ app_begin ] --END-- [ RunTime:0.001300s ]
NOTIC: [8] Undefined index: msg E:\xiao\test\thinkphp_3.2.3_core\Application\Api\Controller\ApiController.class.php 第 21 行.
NOTIC: [8] Undefined index: data E:\xiao\test\thinkphp_3.2.3_core\Application\Api\Controller\ApiController.class.php 第 25 行.

[ 2016-09-20T17:26:15+08:00 ] 127.0.0.1 /index.php/Api
INFO: [ app_init ] --START--
INFO: Run Behavior\BuildLiteBehavior [ RunTime:0.000028s ]
INFO: [ app_init ] --END-- [ RunTime:0.000580s ]
INFO: [ app_begin ] --START--
INFO: Run Behavior\ReadHtmlCacheBehavior [ RunTime:0.001008s ]
INFO: [ app_begin ] --END-- [ RunTime:0.001192s ]
NOTIC: [8] Undefined index: msg E:\xiao\test\thinkphp_3.2.3_core\Application\Api\Controller\ApiController.class.php 第 21 行.

[ 2016-09-20T17:26:16+08:00 ] 127.0.0.1 /index.php/Api
INFO: [ app_init ] --START--
INFO: Run Behavior\BuildLiteBehavior [ RunTime:0.000031s ]
INFO: [ app_init ] --END-- [ RunTime:0.000703s ]
INFO: [ app_begin ] --START--
INFO: Run Behavior\ReadHtmlCacheBehavior [ RunTime:0.000864s ]
INFO: [ app_begin ] --END-- [ RunTime:0.001014s ]
NOTIC: [8] Undefined index: msg E:\xiao\test\thinkphp_3.2.3_core\Application\Api\Controller\ApiController.class.php 第 21 行.

[ 2016-09-20T17:26:16+08:00 ] 127.0.0.1 /index.php/Api
INFO: [ app_init ] --START--
INFO: Run Behavior\BuildLiteBehavior [ RunTime:0.000028s ]
INFO: [ app_init ] --END-- [ RunTime:0.000611s ]
INFO: [ app_begin ] --START--
INFO: Run Behavior\ReadHtmlCacheBehavior [ RunTime:0.001115s ]
INFO: [ app_begin ] --END-- [ RunTime:0.001316s ]
NOTIC: [8] Undefined index: msg E:\xiao\test\thinkphp_3.2.3_core\Application\Api\Controller\ApiController.class.php 第 21 行.

[ 2016-09-20T17:26:16+08:00 ] 127.0.0.1 /index.php/Api
INFO: [ app_init ] --START--
INFO: Run Behavior\BuildLiteBehavior [ RunTime:0.000028s ]
INFO: [ app_init ] --END-- [ RunTime:0.000612s ]
INFO: [ app_begin ] --START--
INFO: Run Behavior\ReadHtmlCacheBehavior [ RunTime:0.001014s ]
INFO: [ app_begin ] --END-- [ RunTime:0.001226s ]
NOTIC: [8] Undefined index: msg E:\xiao\test\thinkphp_3.2.3_core\Application\Api\Controller\ApiController.class.php 第 21 行.

[ 2016-09-20T17:26:16+08:00 ] 127.0.0.1 /index.php/Api
INFO: [ app_init ] --START--
INFO: Run Behavior\BuildLiteBehavior [ RunTime:0.000029s ]
INFO: [ app_init ] --END-- [ RunTime:0.000593s ]
INFO: [ app_begin ] --START--
INFO: Run Behavior\ReadHtmlCacheBehavior [ RunTime:0.000872s ]
INFO: [ app_begin ] --END-- [ RunTime:0.001001s ]
NOTIC: [8] Undefined index: msg E:\xiao\test\thinkphp_3.2.3_core\Application\Api\Controller\ApiController.class.php 第 21 行.

[ 2016-09-20T17:26:16+08:00 ] 127.0.0.1 /index.php/Api
INFO: [ app_init ] --START--
INFO: Run Behavior\BuildLiteBehavior [ RunTime:0.000028s ]
INFO: [ app_init ] --END-- [ RunTime:0.000585s ]
INFO: [ app_begin ] --START--
INFO: Run Behavior\ReadHtmlCacheBehavior [ RunTime:0.000873s ]
INFO: [ app_begin ] --END-- [ RunTime:0.001009s ]
NOTIC: [8] Undefined index: msg E:\xiao\test\thinkphp_3.2.3_core\Application\Api\Controller\ApiController.class.php 第 21 行.

[ 2016-09-20T17:26:17+08:00 ] 127.0.0.1 /index.php/Api
INFO: [ app_init ] --START--
INFO: Run Behavior\BuildLiteBehavior [ RunTime:0.000029s ]
INFO: [ app_init ] --END-- [ RunTime:0.000634s ]
INFO: [ app_begin ] --START--
INFO: Run Behavior\ReadHtmlCacheBehavior [ RunTime:0.000903s ]
INFO: [ app_begin ] --END-- [ RunTime:0.001038s ]
NOTIC: [8] Undefined index: msg E:\xiao\test\thinkphp_3.2.3_core\Application\Api\Controller\ApiController.class.php 第 21 行.

[ 2016-09-20T17:26:17+08:00 ] 127.0.0.1 /index.php/Api
INFO: [ app_init ] --START--
INFO: Run Behavior\BuildLiteBehavior [ RunTime:0.000029s ]
INFO: [ app_init ] --END-- [ RunTime:0.000632s ]
INFO: [ app_begin ] --START--
INFO: Run Behavior\ReadHtmlCacheBehavior [ RunTime:0.000827s ]
INFO: [ app_begin ] --END-- [ RunTime:0.000953s ]
NOTIC: [8] Undefined index: msg E:\xiao\test\thinkphp_3.2.3_core\Application\Api\Controller\ApiController.class.php 第 21 行.

[ 2016-09-20T17:26:17+08:00 ] 127.0.0.1 /index.php/Api
INFO: [ app_init ] --START--
INFO: Run Behavior\BuildLiteBehavior [ RunTime:0.000029s ]
INFO: [ app_init ] --END-- [ RunTime:0.000602s ]
INFO: [ app_begin ] --START--
INFO: Run Behavior\ReadHtmlCacheBehavior [ RunTime:0.000828s ]
INFO: [ app_begin ] --END-- [ RunTime:0.000954s ]
NOTIC: [8] Undefined index: msg E:\xiao\test\thinkphp_3.2.3_core\Application\Api\Controller\ApiController.class.php 第 21 行.

[ 2016-09-20T17:26:20+08:00 ] 127.0.0.1 /index.php/Api
INFO: [ app_init ] --START--
INFO: Run Behavior\BuildLiteBehavior [ RunTime:0.000028s ]
INFO: [ app_init ] --END-- [ RunTime:0.000590s ]
INFO: [ app_begin ] --START--
INFO: Run Behavior\ReadHtmlCacheBehavior [ RunTime:0.000887s ]
INFO: [ app_begin ] --END-- [ RunTime:0.001026s ]
NOTIC: [8] Undefined index: msg E:\xiao\test\thinkphp_3.2.3_core\Application\Api\Controller\ApiController.class.php 第 21 行.

[ 2016-09-20T17:26:21+08:00 ] 127.0.0.1 /index.php/Api
INFO: [ app_init ] --START--
INFO: Run Behavior\BuildLiteBehavior [ RunTime:0.000028s ]
INFO: [ app_init ] --END-- [ RunTime:0.000635s ]
INFO: [ app_begin ] --START--
INFO: Run Behavior\ReadHtmlCacheBehavior [ RunTime:0.000862s ]
INFO: [ app_begin ] --END-- [ RunTime:0.001013s ]
NOTIC: [8] Undefined index: msg E:\xiao\test\thinkphp_3.2.3_core\Application\Api\Controller\ApiController.class.php 第 21 行.

[ 2016-09-20T17:26:21+08:00 ] 127.0.0.1 /index.php/Api
INFO: [ app_init ] --START--
INFO: Run Behavior\BuildLiteBehavior [ RunTime:0.000029s ]
INFO: [ app_init ] --END-- [ RunTime:0.000604s ]
INFO: [ app_begin ] --START--
INFO: Run Behavior\ReadHtmlCacheBehavior [ RunTime:0.000870s ]
INFO: [ app_begin ] --END-- [ RunTime:0.001000s ]
NOTIC: [8] Undefined index: msg E:\xiao\test\thinkphp_3.2.3_core\Application\Api\Controller\ApiController.class.php 第 21 行.

[ 2016-09-20T17:26:21+08:00 ] 127.0.0.1 /index.php/Api
INFO: [ app_init ] --START--
INFO: Run Behavior\BuildLiteBehavior [ RunTime:0.000031s ]
INFO: [ app_init ] --END-- [ RunTime:0.000671s ]
INFO: [ app_begin ] --START--
INFO: Run Behavior\ReadHtmlCacheBehavior [ RunTime:0.000839s ]
INFO: [ app_begin ] --END-- [ RunTime:0.000968s ]
NOTIC: [8] Undefined index: msg E:\xiao\test\thinkphp_3.2.3_core\Application\Api\Controller\ApiController.class.php 第 21 行.

[ 2016-09-20T17:26:21+08:00 ] 127.0.0.1 /index.php/Api
INFO: [ app_init ] --START--
INFO: Run Behavior\BuildLiteBehavior [ RunTime:0.000028s ]
INFO: [ app_init ] --END-- [ RunTime:0.000637s ]
INFO: [ app_begin ] --START--
INFO: Run Behavior\ReadHtmlCacheBehavior [ RunTime:0.000829s ]
INFO: [ app_begin ] --END-- [ RunTime:0.000957s ]
NOTIC: [8] Undefined index: msg E:\xiao\test\thinkphp_3.2.3_core\Application\Api\Controller\ApiController.class.php 第 21 行.

[ 2016-09-20T17:26:22+08:00 ] 127.0.0.1 /index.php/Api
INFO: [ app_init ] --START--
INFO: Run Behavior\BuildLiteBehavior [ RunTime:0.000029s ]
INFO: [ app_init ] --END-- [ RunTime:0.000624s ]
INFO: [ app_begin ] --START--
INFO: Run Behavior\ReadHtmlCacheBehavior [ RunTime:0.000994s ]
INFO: [ app_begin ] --END-- [ RunTime:0.001134s ]
NOTIC: [8] Undefined index: msg E:\xiao\test\thinkphp_3.2.3_core\Application\Api\Controller\ApiController.class.php 第 21 行.

[ 2016-09-20T17:26:22+08:00 ] 127.0.0.1 /index.php/Api
INFO: [ app_init ] --START--
INFO: Run Behavior\BuildLiteBehavior [ RunTime:0.000056s ]
INFO: [ app_init ] --END-- [ RunTime:0.001037s ]
INFO: [ app_begin ] --START--
INFO: Run Behavior\ReadHtmlCacheBehavior [ RunTime:0.000849s ]
INFO: [ app_begin ] --END-- [ RunTime:0.000981s ]
NOTIC: [8] Undefined index: msg E:\xiao\test\thinkphp_3.2.3_core\Application\Api\Controller\ApiController.class.php 第 21 行.

[ 2016-09-20T17:26:22+08:00 ] 127.0.0.1 /index.php/Api
INFO: [ app_init ] --START--
INFO: Run Behavior\BuildLiteBehavior [ RunTime:0.000030s ]
INFO: [ app_init ] --END-- [ RunTime:0.000690s ]
INFO: [ app_begin ] --START--
INFO: Run Behavior\ReadHtmlCacheBehavior [ RunTime:0.000867s ]
INFO: [ app_begin ] --END-- [ RunTime:0.000995s ]
NOTIC: [8] Undefined index: msg E:\xiao\test\thinkphp_3.2.3_core\Application\Api\Controller\ApiController.class.php 第 21 行.

[ 2016-09-20T17:26:22+08:00 ] 127.0.0.1 /index.php/Api
INFO: [ app_init ] --START--
INFO: Run Behavior\BuildLiteBehavior [ RunTime:0.000029s ]
INFO: [ app_init ] --END-- [ RunTime:0.000658s ]
INFO: [ app_begin ] --START--
INFO: Run Behavior\ReadHtmlCacheBehavior [ RunTime:0.001029s ]
INFO: [ app_begin ] --END-- [ RunTime:0.001215s ]
NOTIC: [8] Undefined index: msg E:\xiao\test\thinkphp_3.2.3_core\Application\Api\Controller\ApiController.class.php 第 21 行.

[ 2016-09-20T17:26:23+08:00 ] 127.0.0.1 /index.php/Api
INFO: [ app_init ] --START--
INFO: Run Behavior\BuildLiteBehavior [ RunTime:0.000030s ]
INFO: [ app_init ] --END-- [ RunTime:0.000600s ]
INFO: [ app_begin ] --START--
INFO: Run Behavior\ReadHtmlCacheBehavior [ RunTime:0.000811s ]
INFO: [ app_begin ] --END-- [ RunTime:0.000938s ]
NOTIC: [8] Undefined index: msg E:\xiao\test\thinkphp_3.2.3_core\Application\Api\Controller\ApiController.class.php 第 21 行.

[ 2016-09-20T17:26:23+08:00 ] 127.0.0.1 /index.php/Api
INFO: [ app_init ] --START--
INFO: Run Behavior\BuildLiteBehavior [ RunTime:0.000056s ]
INFO: [ app_init ] --END-- [ RunTime:0.000756s ]
INFO: [ app_begin ] --START--
INFO: Run Behavior\ReadHtmlCacheBehavior [ RunTime:0.000941s ]
INFO: [ app_begin ] --END-- [ RunTime:0.001081s ]
NOTIC: [8] Undefined index: msg E:\xiao\test\thinkphp_3.2.3_core\Application\Api\Controller\ApiController.class.php 第 21 行.

[ 2016-09-20T17:26:23+08:00 ] 127.0.0.1 /index.php/Api
INFO: [ app_init ] --START--
INFO: Run Behavior\BuildLiteBehavior [ RunTime:0.000028s ]
INFO: [ app_init ] --END-- [ RunTime:0.000631s ]
INFO: [ app_begin ] --START--
INFO: Run Behavior\ReadHtmlCacheBehavior [ RunTime:0.000869s ]
INFO: [ app_begin ] --END-- [ RunTime:0.000997s ]
NOTIC: [8] Undefined index: msg E:\xiao\test\thinkphp_3.2.3_core\Application\Api\Controller\ApiController.class.php 第 21 行.

[ 2016-09-20T17:26:23+08:00 ] 127.0.0.1 /index.php/Api
INFO: [ app_init ] --START--
INFO: Run Behavior\BuildLiteBehavior [ RunTime:0.000029s ]
INFO: [ app_init ] --END-- [ RunTime:0.000619s ]
INFO: [ app_begin ] --START--
INFO: Run Behavior\ReadHtmlCacheBehavior [ RunTime:0.000847s ]
INFO: [ app_begin ] --END-- [ RunTime:0.001025s ]
NOTIC: [8] Undefined index: msg E:\xiao\test\thinkphp_3.2.3_core\Application\Api\Controller\ApiController.class.php 第 21 行.

[ 2016-09-20T17:26:24+08:00 ] 127.0.0.1 /index.php/Api
INFO: [ app_init ] --START--
INFO: Run Behavior\BuildLiteBehavior [ RunTime:0.000029s ]
INFO: [ app_init ] --END-- [ RunTime:0.000618s ]
INFO: [ app_begin ] --START--
INFO: Run Behavior\ReadHtmlCacheBehavior [ RunTime:0.000835s ]
INFO: [ app_begin ] --END-- [ RunTime:0.000962s ]
NOTIC: [8] Undefined index: msg E:\xiao\test\thinkphp_3.2.3_core\Application\Api\Controller\ApiController.class.php 第 21 行.

[ 2016-09-20T17:26:24+08:00 ] 127.0.0.1 /index.php/Api
INFO: [ app_init ] --START--
INFO: Run Behavior\BuildLiteBehavior [ RunTime:0.000030s ]
INFO: [ app_init ] --END-- [ RunTime:0.000664s ]
INFO: [ app_begin ] --START--
INFO: Run Behavior\ReadHtmlCacheBehavior [ RunTime:0.000880s ]
INFO: [ app_begin ] --END-- [ RunTime:0.001008s ]
NOTIC: [8] Undefined index: msg E:\xiao\test\thinkphp_3.2.3_core\Application\Api\Controller\ApiController.class.php 第 21 行.

[ 2016-09-20T17:26:24+08:00 ] 127.0.0.1 /index.php/Api
INFO: [ app_init ] --START--
INFO: Run Behavior\BuildLiteBehavior [ RunTime:0.000028s ]
INFO: [ app_init ] --END-- [ RunTime:0.000621s ]
INFO: [ app_begin ] --START--
INFO: Run Behavior\ReadHtmlCacheBehavior [ RunTime:0.000871s ]
INFO: [ app_begin ] --END-- [ RunTime:0.000999s ]
NOTIC: [8] Undefined index: msg E:\xiao\test\thinkphp_3.2.3_core\Application\Api\Controller\ApiController.class.php 第 21 行.

[ 2016-09-20T17:26:24+08:00 ] 127.0.0.1 /index.php/Api
INFO: [ app_init ] --START--
INFO: Run Behavior\BuildLiteBehavior [ RunTime:0.000029s ]
INFO: [ app_init ] --END-- [ RunTime:0.000636s ]
INFO: [ app_begin ] --START--
INFO: Run Behavior\ReadHtmlCacheBehavior [ RunTime:0.000820s ]
INFO: [ app_begin ] --END-- [ RunTime:0.000946s ]
NOTIC: [8] Undefined index: msg E:\xiao\test\thinkphp_3.2.3_core\Application\Api\Controller\ApiController.class.php 第 21 行.

[ 2016-09-20T17:26:25+08:00 ] 127.0.0.1 /index.php/Api
INFO: [ app_init ] --START--
INFO: Run Behavior\BuildLiteBehavior [ RunTime:0.000030s ]
INFO: [ app_init ] --END-- [ RunTime:0.000644s ]
INFO: [ app_begin ] --START--
INFO: Run Behavior\ReadHtmlCacheBehavior [ RunTime:0.001211s ]
INFO: [ app_begin ] --END-- [ RunTime:0.001422s ]
NOTIC: [8] Undefined index: msg E:\xiao\test\thinkphp_3.2.3_core\Application\Api\Controller\ApiController.class.php 第 21 行.

[ 2016-09-20T17:26:25+08:00 ] 127.0.0.1 /index.php/Api
INFO: [ app_init ] --START--
INFO: Run Behavior\BuildLiteBehavior [ RunTime:0.000053s ]
INFO: [ app_init ] --END-- [ RunTime:0.000641s ]
INFO: [ app_begin ] --START--
INFO: Run Behavior\ReadHtmlCacheBehavior [ RunTime:0.000886s ]
INFO: [ app_begin ] --END-- [ RunTime:0.001076s ]
NOTIC: [8] Undefined index: msg E:\xiao\test\thinkphp_3.2.3_core\Application\Api\Controller\ApiController.class.php 第 21 行.

[ 2016-09-20T17:26:25+08:00 ] 127.0.0.1 /index.php/Api
INFO: [ app_init ] --START--
INFO: Run Behavior\BuildLiteBehavior [ RunTime:0.000031s ]
INFO: [ app_init ] --END-- [ RunTime:0.000627s ]
INFO: [ app_begin ] --START--
INFO: Run Behavior\ReadHtmlCacheBehavior [ RunTime:0.001088s ]
INFO: [ app_begin ] --END-- [ RunTime:0.001288s ]
NOTIC: [8] Undefined index: msg E:\xiao\test\thinkphp_3.2.3_core\Application\Api\Controller\ApiController.class.php 第 21 行.

[ 2016-09-20T17:26:25+08:00 ] 127.0.0.1 /index.php/Api
INFO: [ app_init ] --START--
INFO: Run Behavior\BuildLiteBehavior [ RunTime:0.000059s ]
INFO: [ app_init ] --END-- [ RunTime:0.000944s ]
INFO: [ app_begin ] --START--
INFO: Run Behavior\ReadHtmlCacheBehavior [ RunTime:0.000870s ]
INFO: [ app_begin ] --END-- [ RunTime:0.001006s ]
NOTIC: [8] Undefined index: msg E:\xiao\test\thinkphp_3.2.3_core\Application\Api\Controller\ApiController.class.php 第 21 行.

[ 2016-09-20T17:26:27+08:00 ] 127.0.0.1 /index.php/Api
INFO: [ app_init ] --START--
INFO: Run Behavior\BuildLiteBehavior [ RunTime:0.000031s ]
INFO: [ app_init ] --END-- [ RunTime:0.000826s ]
INFO: [ app_begin ] --START--
INFO: Run Behavior\ReadHtmlCacheBehavior [ RunTime:0.001036s ]
INFO: [ app_begin ] --END-- [ RunTime:0.001195s ]
NOTIC: [8] Undefined index: msg E:\xiao\test\thinkphp_3.2.3_core\Application\Api\Controller\ApiController.class.php 第 21 行.

[ 2016-09-20T17:26:27+08:00 ] 127.0.0.1 /index.php/Api
INFO: [ app_init ] --START--
INFO: Run Behavior\BuildLiteBehavior [ RunTime:0.000030s ]
INFO: [ app_init ] --END-- [ RunTime:0.000647s ]
INFO: [ app_begin ] --START--
INFO: Run Behavior\ReadHtmlCacheBehavior [ RunTime:0.000870s ]
INFO: [ app_begin ] --END-- [ RunTime:0.001000s ]
NOTIC: [8] Undefined index: msg E:\xiao\test\thinkphp_3.2.3_core\Application\Api\Controller\ApiController.class.php 第 21 行.

[ 2016-09-20T17:26:27+08:00 ] 127.0.0.1 /index.php/Api
INFO: [ app_init ] --START--
INFO: Run Behavior\BuildLiteBehavior [ RunTime:0.000029s ]
INFO: [ app_init ] --END-- [ RunTime:0.000604s ]
INFO: [ app_begin ] --START--
INFO: Run Behavior\ReadHtmlCacheBehavior [ RunTime:0.000823s ]
INFO: [ app_begin ] --END-- [ RunTime:0.000950s ]
NOTIC: [8] Undefined index: msg E:\xiao\test\thinkphp_3.2.3_core\Application\Api\Controller\ApiController.class.php 第 21 行.

[ 2016-09-20T17:26:28+08:00 ] 127.0.0.1 /index.php/Api
INFO: [ app_init ] --START--
INFO: Run Behavior\BuildLiteBehavior [ RunTime:0.000030s ]
INFO: [ app_init ] --END-- [ RunTime:0.000585s ]
INFO: [ app_begin ] --START--
INFO: Run Behavior\ReadHtmlCacheBehavior [ RunTime:0.000812s ]
INFO: [ app_begin ] --END-- [ RunTime:0.000939s ]
NOTIC: [8] Undefined index: msg E:\xiao\test\thinkphp_3.2.3_core\Application\Api\Controller\ApiController.class.php 第 21 行.

[ 2016-09-20T17:26:28+08:00 ] 127.0.0.1 /index.php/Api
INFO: [ app_init ] --START--
INFO: Run Behavior\BuildLiteBehavior [ RunTime:0.000029s ]
INFO: [ app_init ] --END-- [ RunTime:0.000577s ]
INFO: [ app_begin ] --START--
INFO: Run Behavior\ReadHtmlCacheBehavior [ RunTime:0.000815s ]
INFO: [ app_begin ] --END-- [ RunTime:0.000939s ]
NOTIC: [8] Undefined index: msg E:\xiao\test\thinkphp_3.2.3_core\Application\Api\Controller\ApiController.class.php 第 21 行.

[ 2016-09-20T17:26:29+08:00 ] 127.0.0.1 /index.php/Api
INFO: [ app_init ] --START--
INFO: Run Behavior\BuildLiteBehavior [ RunTime:0.000032s ]
INFO: [ app_init ] --END-- [ RunTime:0.000837s ]
INFO: [ app_begin ] --START--
INFO: Run Behavior\ReadHtmlCacheBehavior [ RunTime:0.001021s ]
INFO: [ app_begin ] --END-- [ RunTime:0.001171s ]
NOTIC: [8] Undefined index: msg E:\xiao\test\thinkphp_3.2.3_core\Application\Api\Controller\ApiController.class.php 第 21 行.

[ 2016-09-20T17:26:29+08:00 ] 127.0.0.1 /index.php/Api
INFO: [ app_init ] --START--
INFO: Run Behavior\BuildLiteBehavior [ RunTime:0.000029s ]
INFO: [ app_init ] --END-- [ RunTime:0.000607s ]
INFO: [ app_begin ] --START--
INFO: Run Behavior\ReadHtmlCacheBehavior [ RunTime:0.000836s ]
INFO: [ app_begin ] --END-- [ RunTime:0.000962s ]
NOTIC: [8] Undefined index: msg E:\xiao\test\thinkphp_3.2.3_core\Application\Api\Controller\ApiController.class.php 第 21 行.

[ 2016-09-20T17:26:29+08:00 ] 127.0.0.1 /index.php/Api
INFO: [ app_init ] --START--
INFO: Run Behavior\BuildLiteBehavior [ RunTime:0.000027s ]
INFO: [ app_init ] --END-- [ RunTime:0.000624s ]
INFO: [ app_begin ] --START--
INFO: Run Behavior\ReadHtmlCacheBehavior [ RunTime:0.000910s ]
INFO: [ app_begin ] --END-- [ RunTime:0.001048s ]
NOTIC: [8] Undefined index: msg E:\xiao\test\thinkphp_3.2.3_core\Application\Api\Controller\ApiController.class.php 第 21 行.

[ 2016-09-20T17:26:29+08:00 ] 127.0.0.1 /index.php/Api
INFO: [ app_init ] --START--
INFO: Run Behavior\BuildLiteBehavior [ RunTime:0.000034s ]
INFO: [ app_init ] --END-- [ RunTime:0.000604s ]
INFO: [ app_begin ] --START--
INFO: Run Behavior\ReadHtmlCacheBehavior [ RunTime:0.000820s ]
INFO: [ app_begin ] --END-- [ RunTime:0.000946s ]
NOTIC: [8] Undefined index: msg E:\xiao\test\thinkphp_3.2.3_core\Application\Api\Controller\ApiController.class.php 第 21 行.

[ 2016-09-20T17:26:30+08:00 ] 127.0.0.1 /index.php/Api
INFO: [ app_init ] --START--
INFO: Run Behavior\BuildLiteBehavior [ RunTime:0.000028s ]
INFO: [ app_init ] --END-- [ RunTime:0.000586s ]
INFO: [ app_begin ] --START--
INFO: Run Behavior\ReadHtmlCacheBehavior [ RunTime:0.000887s ]
INFO: [ app_begin ] --END-- [ RunTime:0.001026s ]
NOTIC: [8] Undefined index: msg E:\xiao\test\thinkphp_3.2.3_core\Application\Api\Controller\ApiController.class.php 第 21 行.

[ 2016-09-20T17:26:30+08:00 ] 127.0.0.1 /index.php/Api
INFO: [ app_init ] --START--
INFO: Run Behavior\BuildLiteBehavior [ RunTime:0.000029s ]
INFO: [ app_init ] --END-- [ RunTime:0.000583s ]
INFO: [ app_begin ] --START--
INFO: Run Behavior\ReadHtmlCacheBehavior [ RunTime:0.000802s ]
INFO: [ app_begin ] --END-- [ RunTime:0.000926s ]
NOTIC: [8] Undefined index: msg E:\xiao\test\thinkphp_3.2.3_core\Application\Api\Controller\ApiController.class.php 第 21 行.

[ 2016-09-20T17:26:30+08:00 ] 127.0.0.1 /index.php/Api
INFO: [ app_init ] --START--
INFO: Run Behavior\BuildLiteBehavior [ RunTime:0.000034s ]
INFO: [ app_init ] --END-- [ RunTime:0.000612s ]
INFO: [ app_begin ] --START--
INFO: Run Behavior\ReadHtmlCacheBehavior [ RunTime:0.000811s ]
INFO: [ app_begin ] --END-- [ RunTime:0.000937s ]
NOTIC: [8] Undefined index: msg E:\xiao\test\thinkphp_3.2.3_core\Application\Api\Controller\ApiController.class.php 第 21 行.

[ 2016-09-20T17:26:30+08:00 ] 127.0.0.1 /index.php/Api
INFO: [ app_init ] --START--
INFO: Run Behavior\BuildLiteBehavior [ RunTime:0.000028s ]
INFO: [ app_init ] --END-- [ RunTime:0.000592s ]
INFO: [ app_begin ] --START--
INFO: Run Behavior\ReadHtmlCacheBehavior [ RunTime:0.000809s ]
INFO: [ app_begin ] --END-- [ RunTime:0.000946s ]
NOTIC: [8] Undefined index: msg E:\xiao\test\thinkphp_3.2.3_core\Application\Api\Controller\ApiController.class.php 第 21 行.

[ 2016-09-20T17:26:30+08:00 ] 127.0.0.1 /index.php/Api
INFO: [ app_init ] --START--
INFO: Run Behavior\BuildLiteBehavior [ RunTime:0.000031s ]
INFO: [ app_init ] --END-- [ RunTime:0.000671s ]
INFO: [ app_begin ] --START--
INFO: Run Behavior\ReadHtmlCacheBehavior [ RunTime:0.000909s ]
INFO: [ app_begin ] --END-- [ RunTime:0.001037s ]
NOTIC: [8] Undefined index: msg E:\xiao\test\thinkphp_3.2.3_core\Application\Api\Controller\ApiController.class.php 第 21 行.

[ 2016-09-20T17:26:31+08:00 ] 127.0.0.1 /index.php/Api
INFO: [ app_init ] --START--
INFO: Run Behavior\BuildLiteBehavior [ RunTime:0.000029s ]
INFO: [ app_init ] --END-- [ RunTime:0.000603s ]
INFO: [ app_begin ] --START--
INFO: Run Behavior\ReadHtmlCacheBehavior [ RunTime:0.000890s ]
INFO: [ app_begin ] --END-- [ RunTime:0.001019s ]
NOTIC: [8] Undefined index: msg E:\xiao\test\thinkphp_3.2.3_core\Application\Api\Controller\ApiController.class.php 第 21 行.

[ 2016-09-20T17:27:11+08:00 ] 127.0.0.1 /index.php/Api
INFO: [ app_init ] --START--
INFO: Run Behavior\BuildLiteBehavior [ RunTime:0.000030s ]
INFO: [ app_init ] --END-- [ RunTime:0.000639s ]
INFO: [ app_begin ] --START--
INFO: Run Behavior\ReadHtmlCacheBehavior [ RunTime:0.000852s ]
INFO: [ app_begin ] --END-- [ RunTime:0.000980s ]

[ 2016-09-20T17:27:11+08:00 ] 127.0.0.1 /index.php/Api
INFO: [ app_init ] --START--
INFO: Run Behavior\BuildLiteBehavior [ RunTime:0.000029s ]
INFO: [ app_init ] --END-- [ RunTime:0.000678s ]
INFO: [ app_begin ] --START--
INFO: Run Behavior\ReadHtmlCacheBehavior [ RunTime:0.000861s ]
INFO: [ app_begin ] --END-- [ RunTime:0.000986s ]

[ 2016-09-20T17:27:12+08:00 ] 127.0.0.1 /index.php/Api
INFO: [ app_init ] --START--
INFO: Run Behavior\BuildLiteBehavior [ RunTime:0.000035s ]
INFO: [ app_init ] --END-- [ RunTime:0.000801s ]
INFO: [ app_begin ] --START--
INFO: Run Behavior\ReadHtmlCacheBehavior [ RunTime:0.000866s ]
INFO: [ app_begin ] --END-- [ RunTime:0.000995s ]

[ 2016-09-20T17:27:12+08:00 ] 127.0.0.1 /index.php/Api
INFO: [ app_init ] --START--
INFO: Run Behavior\BuildLiteBehavior [ RunTime:0.000028s ]
INFO: [ app_init ] --END-- [ RunTime:0.000588s ]
INFO: [ app_begin ] --START--
INFO: Run Behavior\ReadHtmlCacheBehavior [ RunTime:0.001082s ]
INFO: [ app_begin ] --END-- [ RunTime:0.001271s ]

[ 2016-09-20T17:27:12+08:00 ] 127.0.0.1 /index.php/Api
INFO: [ app_init ] --START--
INFO: Run Behavior\BuildLiteBehavior [ RunTime:0.000028s ]
INFO: [ app_init ] --END-- [ RunTime:0.000572s ]
INFO: [ app_begin ] --START--
INFO: Run Behavior\ReadHtmlCacheBehavior [ RunTime:0.000803s ]
INFO: [ app_begin ] --END-- [ RunTime:0.000935s ]

[ 2016-09-20T17:29:15+08:00 ] 127.0.0.1 /index.php/Api
INFO: [ app_init ] --START--
INFO: Run Behavior\BuildLiteBehavior [ RunTime:0.000061s ]
INFO: [ app_init ] --END-- [ RunTime:0.001557s ]
INFO: [ app_begin ] --START--
INFO: Run Behavior\ReadHtmlCacheBehavior [ RunTime:0.000849s ]
INFO: [ app_begin ] --END-- [ RunTime:0.000978s ]

[ 2016-09-20T17:29:15+08:00 ] 127.0.0.1 /index.php/Api
INFO: [ app_init ] --START--
INFO: Run Behavior\BuildLiteBehavior [ RunTime:0.000028s ]
INFO: [ app_init ] --END-- [ RunTime:0.000583s ]
INFO: [ app_begin ] --START--
INFO: Run Behavior\ReadHtmlCacheBehavior [ RunTime:0.000829s ]
INFO: [ app_begin ] --END-- [ RunTime:0.000955s ]

[ 2016-09-20T17:29:15+08:00 ] 127.0.0.1 /index.php/Api
INFO: [ app_init ] --START--
INFO: Run Behavior\BuildLiteBehavior [ RunTime:0.000030s ]
INFO: [ app_init ] --END-- [ RunTime:0.000603s ]
INFO: [ app_begin ] --START--
INFO: Run Behavior\ReadHtmlCacheBehavior [ RunTime:0.000903s ]
INFO: [ app_begin ] --END-- [ RunTime:0.001062s ]

[ 2016-09-20T17:29:15+08:00 ] 127.0.0.1 /index.php/Api
INFO: [ app_init ] --START--
INFO: Run Behavior\BuildLiteBehavior [ RunTime:0.000029s ]
INFO: [ app_init ] --END-- [ RunTime:0.000563s ]
INFO: [ app_begin ] --START--
INFO: Run Behavior\ReadHtmlCacheBehavior [ RunTime:0.000801s ]
INFO: [ app_begin ] --END-- [ RunTime:0.000930s ]

[ 2016-09-20T17:29:16+08:00 ] 127.0.0.1 /index.php/Api
INFO: [ app_init ] --START--
INFO: Run Behavior\BuildLiteBehavior [ RunTime:0.000030s ]
INFO: [ app_init ] --END-- [ RunTime:0.000589s ]
INFO: [ app_begin ] --START--
INFO: Run Behavior\ReadHtmlCacheBehavior [ RunTime:0.000823s ]
INFO: [ app_begin ] --END-- [ RunTime:0.000948s ]

[ 2016-09-20T17:29:16+08:00 ] 127.0.0.1 /index.php/Api
INFO: [ app_init ] --START--
INFO: Run Behavior\BuildLiteBehavior [ RunTime:0.000027s ]
INFO: [ app_init ] --END-- [ RunTime:0.000657s ]
INFO: [ app_begin ] --START--
INFO: Run Behavior\ReadHtmlCacheBehavior [ RunTime:0.000853s ]
INFO: [ app_begin ] --END-- [ RunTime:0.000981s ]

[ 2016-09-20T17:29:49+08:00 ] 127.0.0.1 /index.php/Api
INFO: [ app_init ] --START--
INFO: Run Behavior\BuildLiteBehavior [ RunTime:0.000029s ]
INFO: [ app_init ] --END-- [ RunTime:0.000600s ]
INFO: [ app_begin ] --START--
INFO: Run Behavior\ReadHtmlCacheBehavior [ RunTime:0.000964s ]
INFO: [ app_begin ] --END-- [ RunTime:0.001132s ]

[ 2016-09-20T17:29:49+08:00 ] 127.0.0.1 /index.php/Api
INFO: [ app_init ] --START--
INFO: Run Behavior\BuildLiteBehavior [ RunTime:0.000028s ]
INFO: [ app_init ] --END-- [ RunTime:0.000578s ]
INFO: [ app_begin ] --START--
INFO: Run Behavior\ReadHtmlCacheBehavior [ RunTime:0.001001s ]
INFO: [ app_begin ] --END-- [ RunTime:0.001154s ]

[ 2016-09-20T17:29:50+08:00 ] 127.0.0.1 /index.php/Api
INFO: [ app_init ] --START--
INFO: Run Behavior\BuildLiteBehavior [ RunTime:0.000028s ]
INFO: [ app_init ] --END-- [ RunTime:0.000629s ]
INFO: [ app_begin ] --START--
INFO: Run Behavior\ReadHtmlCacheBehavior [ RunTime:0.000861s ]
INFO: [ app_begin ] --END-- [ RunTime:0.000987s ]

[ 2016-09-20T17:30:12+08:00 ] 127.0.0.1 /index.php/Api
INFO: [ app_init ] --START--
INFO: Run Behavior\BuildLiteBehavior [ RunTime:0.000029s ]
INFO: [ app_init ] --END-- [ RunTime:0.000611s ]
INFO: [ app_begin ] --START--
INFO: Run Behavior\ReadHtmlCacheBehavior [ RunTime:0.000824s ]
INFO: [ app_begin ] --END-- [ RunTime:0.000950s ]

[ 2016-09-20T17:30:13+08:00 ] 127.0.0.1 /index.php/Api
INFO: [ app_init ] --START--
INFO: Run Behavior\BuildLiteBehavior [ RunTime:0.000030s ]
INFO: [ app_init ] --END-- [ RunTime:0.000624s ]
INFO: [ app_begin ] --START--
INFO: Run Behavior\ReadHtmlCacheBehavior [ RunTime:0.001239s ]
INFO: [ app_begin ] --END-- [ RunTime:0.001464s ]

[ 2016-09-20T17:30:13+08:00 ] 127.0.0.1 /index.php/Api
INFO: [ app_init ] --START--
INFO: Run Behavior\BuildLiteBehavior [ RunTime:0.000030s ]
INFO: [ app_init ] --END-- [ RunTime:0.000671s ]
INFO: [ app_begin ] --START--
INFO: Run Behavior\ReadHtmlCacheBehavior [ RunTime:0.000827s ]
INFO: [ app_begin ] --END-- [ RunTime:0.001003s ]

[ 2016-09-20T17:30:13+08:00 ] 127.0.0.1 /index.php/Api
INFO: [ app_init ] --START--
INFO: Run Behavior\BuildLiteBehavior [ RunTime:0.000036s ]
INFO: [ app_init ] --END-- [ RunTime:0.000667s ]
INFO: [ app_begin ] --START--
INFO: Run Behavior\ReadHtmlCacheBehavior [ RunTime:0.000895s ]
INFO: [ app_begin ] --END-- [ RunTime:0.001023s ]

[ 2016-09-20T17:30:13+08:00 ] 127.0.0.1 /index.php/Api
INFO: [ app_init ] --START--
INFO: Run Behavior\BuildLiteBehavior [ RunTime:0.000029s ]
INFO: [ app_init ] --END-- [ RunTime:0.000598s ]
INFO: [ app_begin ] --START--
INFO: Run Behavior\ReadHtmlCacheBehavior [ RunTime:0.000837s ]
INFO: [ app_begin ] --END-- [ RunTime:0.000962s ]

[ 2016-09-20T17:30:14+08:00 ] 127.0.0.1 /index.php/Api
INFO: [ app_init ] --START--
INFO: Run Behavior\BuildLiteBehavior [ RunTime:0.000029s ]
INFO: [ app_init ] --END-- [ RunTime:0.000694s ]
INFO: [ app_begin ] --START--
INFO: Run Behavior\ReadHtmlCacheBehavior [ RunTime:0.000866s ]
INFO: [ app_begin ] --END-- [ RunTime:0.001003s ]

[ 2016-09-20T17:30:14+08:00 ] 127.0.0.1 /index.php/Api
INFO: [ app_init ] --START--
INFO: Run Behavior\BuildLiteBehavior [ RunTime:0.000032s ]
INFO: [ app_init ] --END-- [ RunTime:0.000714s ]
INFO: [ app_begin ] --START--
INFO: Run Behavior\ReadHtmlCacheBehavior [ RunTime:0.000959s ]
INFO: [ app_begin ] --END-- [ RunTime:0.001102s ]

[ 2016-09-20T17:30:49+08:00 ] 127.0.0.1 /index.php/Api
INFO: [ app_init ] --START--
INFO: Run Behavior\BuildLiteBehavior [ RunTime:0.000032s ]
INFO: [ app_init ] --END-- [ RunTime:0.000705s ]
INFO: [ app_begin ] --START--
INFO: Run Behavior\ReadHtmlCacheBehavior [ RunTime:0.000859s ]
INFO: [ app_begin ] --END-- [ RunTime:0.000997s ]

[ 2016-09-20T17:30:49+08:00 ] 127.0.0.1 /index.php/Api
INFO: [ app_init ] --START--
INFO: Run Behavior\BuildLiteBehavior [ RunTime:0.000047s ]
INFO: [ app_init ] --END-- [ RunTime:0.000652s ]
INFO: [ app_begin ] --START--
INFO: Run Behavior\ReadHtmlCacheBehavior [ RunTime:0.000935s ]
INFO: [ app_begin ] --END-- [ RunTime:0.001085s ]

[ 2016-09-20T17:30:49+08:00 ] 127.0.0.1 /index.php/Api
INFO: [ app_init ] --START--
INFO: Run Behavior\BuildLiteBehavior [ RunTime:0.000030s ]
INFO: [ app_init ] --END-- [ RunTime:0.000607s ]
INFO: [ app_begin ] --START--
INFO: Run Behavior\ReadHtmlCacheBehavior [ RunTime:0.001241s ]
INFO: [ app_begin ] --END-- [ RunTime:0.001440s ]

[ 2016-09-20T17:31:15+08:00 ] 127.0.0.1 /index.php/Api/Index
INFO: [ app_init ] --START--
INFO: Run Behavior\BuildLiteBehavior [ RunTime:0.000029s ]
INFO: [ app_init ] --END-- [ RunTime:0.000587s ]
INFO: [ app_begin ] --START--
INFO: Run Behavior\ReadHtmlCacheBehavior [ RunTime:0.000810s ]
INFO: [ app_begin ] --END-- [ RunTime:0.000936s ]

[ 2016-09-20T17:31:18+08:00 ] 127.0.0.1 /index.php/Api/Index
INFO: [ app_init ] --START--
INFO: Run Behavior\BuildLiteBehavior [ RunTime:0.000028s ]
INFO: [ app_init ] --END-- [ RunTime:0.000594s ]
INFO: [ app_begin ] --START--
INFO: Run Behavior\ReadHtmlCacheBehavior [ RunTime:0.000824s ]
INFO: [ app_begin ] --END-- [ RunTime:0.000948s ]

[ 2016-09-20T17:31:25+08:00 ] 127.0.0.1 /index.php/Api/Index/index
INFO: [ app_init ] --START--
INFO: Run Behavior\BuildLiteBehavior [ RunTime:0.000030s ]
INFO: [ app_init ] --END-- [ RunTime:0.000722s ]
INFO: [ app_begin ] --START--
INFO: Run Behavior\ReadHtmlCacheBehavior [ RunTime:0.000897s ]
INFO: [ app_begin ] --END-- [ RunTime:0.001028s ]

[ 2016-09-20T17:31:51+08:00 ] 127.0.0.1 /index.php/Api/Index/test
INFO: [ app_init ] --START--
INFO: Run Behavior\BuildLiteBehavior [ RunTime:0.000030s ]
INFO: [ app_init ] --END-- [ RunTime:0.000608s ]
INFO: [ app_begin ] --START--
INFO: Run Behavior\ReadHtmlCacheBehavior [ RunTime:0.000873s ]
INFO: [ app_begin ] --END-- [ RunTime:0.001013s ]

[ 2016-09-20T17:31:58+08:00 ] 127.0.0.1 /index.php/Api/Index/test
INFO: [ app_init ] --START--
INFO: Run Behavior\BuildLiteBehavior [ RunTime:0.000048s ]
INFO: [ app_init ] --END-- [ RunTime:0.000673s ]
INFO: [ app_begin ] --START--
INFO: Run Behavior\ReadHtmlCacheBehavior [ RunTime:0.000898s ]
INFO: [ app_begin ] --END-- [ RunTime:0.001034s ]

[ 2016-09-20T17:31:59+08:00 ] 127.0.0.1 /index.php/Api/Index/test
INFO: [ app_init ] --START--
INFO: Run Behavior\BuildLiteBehavior [ RunTime:0.000031s ]
INFO: [ app_init ] --END-- [ RunTime:0.000645s ]
INFO: [ app_begin ] --START--
INFO: Run Behavior\ReadHtmlCacheBehavior [ RunTime:0.000925s ]
INFO: [ app_begin ] --END-- [ RunTime:0.001112s ]

[ 2016-09-20T17:31:59+08:00 ] 127.0.0.1 /index.php/Api/Index/test
INFO: [ app_init ] --START--
INFO: Run Behavior\BuildLiteBehavior [ RunTime:0.000057s ]
INFO: [ app_init ] --END-- [ RunTime:0.000811s ]
INFO: [ app_begin ] --START--
INFO: Run Behavior\ReadHtmlCacheBehavior [ RunTime:0.001112s ]
INFO: [ app_begin ] --END-- [ RunTime:0.001254s ]

[ 2016-09-20T17:31:59+08:00 ] 127.0.0.1 /index.php/Api/Index/test
INFO: [ app_init ] --START--
INFO: Run Behavior\BuildLiteBehavior [ RunTime:0.000031s ]
INFO: [ app_init ] --END-- [ RunTime:0.000842s ]
INFO: [ app_begin ] --START--
INFO: Run Behavior\ReadHtmlCacheBehavior [ RunTime:0.000902s ]
INFO: [ app_begin ] --END-- [ RunTime:0.001049s ]

[ 2016-09-20T17:37:46+08:00 ] 127.0.0.1 /index.php/Api/Index/test
INFO: [ app_init ] --START--
INFO: Run Behavior\BuildLiteBehavior [ RunTime:0.000030s ]
INFO: [ app_init ] --END-- [ RunTime:0.000654s ]
INFO: [ app_begin ] --START--
INFO: Run Behavior\ReadHtmlCacheBehavior [ RunTime:0.001056s ]
INFO: [ app_begin ] --END-- [ RunTime:0.001221s ]

[ 2016-09-20T17:37:46+08:00 ] 127.0.0.1 /index.php/Api/Index/test
INFO: [ app_init ] --START--
INFO: Run Behavior\BuildLiteBehavior [ RunTime:0.000028s ]
INFO: [ app_init ] --END-- [ RunTime:0.000606s ]
INFO: [ app_begin ] --START--
INFO: Run Behavior\ReadHtmlCacheBehavior [ RunTime:0.000830s ]
INFO: [ app_begin ] --END-- [ RunTime:0.000954s ]

[ 2016-09-20T17:37:46+08:00 ] 127.0.0.1 /index.php/Api/Index/test
INFO: [ app_init ] --START--
INFO: Run Behavior\BuildLiteBehavior [ RunTime:0.000031s ]
INFO: [ app_init ] --END-- [ RunTime:0.000616s ]
INFO: [ app_begin ] --START--
INFO: Run Behavior\ReadHtmlCacheBehavior [ RunTime:0.000914s ]
INFO: [ app_begin ] --END-- [ RunTime:0.001049s ]

[ 2016-09-20T17:38:31+08:00 ] 127.0.0.1 /index.php/Api/Index/test
INFO: [ app_init ] --START--
INFO: Run Behavior\BuildLiteBehavior [ RunTime:0.000030s ]
INFO: [ app_init ] --END-- [ RunTime:0.000661s ]
INFO: [ app_begin ] --START--
INFO: Run Behavior\ReadHtmlCacheBehavior [ RunTime:0.000952s ]
INFO: [ app_begin ] --END-- [ RunTime:0.001144s ]

